This file contains any messages produced by compilers while
running configure, to aid debugging if configure makes a mistake.

It was created by xwallpaper configure 0.6.5, which was
generated by GNU Autoconf 2.69.  Invocation command line was

  $ ./configure 

## --------- ##
## Platform. ##
## --------- ##

hostname = thinkbsd
uname -m = amd64
uname -r = 12.2-RELEASE-p3
uname -s = FreeBSD
uname -v = FreeBSD 12.2-RELEASE-p3 GENERIC 

/usr/bin/uname -p = amd64
/bin/uname -X     = unknown

/bin/arch              = unknown
/usr/bin/arch -k       = unknown
/usr/convex/getsysinfo = unknown
/usr/bin/hostinfo      = unknown
/bin/machine           = unknown
/usr/bin/oslevel       = unknown
/bin/universe          = unknown

PATH: /home/cjg/.icons/home/cjg/bin
PATH: /usr/local/bin
PATH: /home/cjg/bin
PATH: /sbin
PATH: /bin
PATH: /usr/local/sbin
PATH: /usr/local/bin
PATH: /usr/sbin
PATH: /usr/bin
PATH: /usr/bin/env


## ----------- ##
## Core tests. ##
## ----------- ##

configure:2282: checking for gcc
configure:2298: found /usr/local/bin/gcc
configure:2309: result: gcc
configure:2538: checking for C compiler version
configure:2547: gcc --version >&5
gcc (FreeBSD Ports Collection) 9.3.0
Copyright (C) 2019 Free Software Foundation, Inc.
This is free software; see the source for copying conditions.  There is NO
warranty; not even for MERCHANTABILITY or FITNESS FOR A PARTICULAR PURPOSE.

configure:2558: $? = 0
configure:2547: gcc -v >&5
Using built-in specs.
COLLECT_GCC=gcc
COLLECT_LTO_WRAPPER=/usr/local/libexec/gcc9/gcc/x86_64-portbld-freebsd12.1/9.3.0/lto-wrapper
Target: x86_64-portbld-freebsd12.1
Configured with: /wrkdirs/usr/ports/lang/gcc9/work/gcc-9.3.0/configure --enable-multilib --with-build-config=bootstrap-debug --disable-nls --enable-gnu-indirect-function --enable-plugin --libdir=/usr/local/lib/gcc9 --libexecdir=/usr/local/libexec/gcc9 --program-suffix=9 --with-as=/usr/local/bin/as --with-gmp=/usr/local --with-gxx-include-dir=/usr/local/lib/gcc9/include/c++/ --with-ld=/usr/local/bin/ld --with-pkgversion='FreeBSD Ports Collection' --with-system-zlib --enable-languages=c,c++,objc,fortran --prefix=/usr/local --localstatedir=/var --mandir=/usr/local/man --infodir=/usr/local/share/info/gcc9 --build=x86_64-portbld-freebsd12.1
Thread model: posix
gcc version 9.3.0 (FreeBSD Ports Collection) 
configure:2558: $? = 0
configure:2547: gcc -V >&5
gcc: error: unrecognized command line option '-V'
gcc: fatal error: no input files
compilation terminated.
configure:2558: $? = 1
configure:2547: gcc -qversion >&5
gcc: error: unrecognized command line option '-qversion'; did you mean '--version'?
gcc: fatal error: no input files
compilation terminated.
configure:2558: $? = 1
configure:2578: checking whether the C compiler works
configure:2600: gcc    conftest.c  >&5
configure:2604: $? = 0
configure:2652: result: yes
configure:2655: checking for C compiler default output file name
configure:2657: result: a.out
configure:2663: checking for suffix of executables
configure:2670: gcc -o conftest    conftest.c  >&5
configure:2674: $? = 0
configure:2696: result: 
configure:2718: checking whether we are cross compiling
configure:2726: gcc -o conftest    conftest.c  >&5
configure:2730: $? = 0
configure:2737: ./conftest
configure:2741: $? = 0
configure:2756: result: no
configure:2761: checking for suffix of object files
configure:2783: gcc -c   conftest.c >&5
configure:2787: $? = 0
configure:2808: result: o
configure:2812: checking whether we are using the GNU C compiler
configure:2831: gcc -c   conftest.c >&5
configure:2831: $? = 0
configure:2840: result: yes
configure:2849: checking whether gcc accepts -g
configure:2869: gcc -c -g  conftest.c >&5
configure:2869: $? = 0
configure:2910: result: yes
configure:2927: checking for gcc option to accept ISO C89
configure:2990: gcc  -c -g -O2  conftest.c >&5
configure:2990: $? = 0
configure:3003: result: none needed
configure:3060: checking whether gcc understands -c and -o together
configure:3082: gcc -c conftest.c -o conftest2.o
configure:3085: $? = 0
configure:3082: gcc -c conftest.c -o conftest2.o
configure:3085: $? = 0
configure:3097: result: yes
configure:3118: checking for gcc option to accept ISO C99
configure:3267: gcc  -c -g -O2  conftest.c >&5
configure:3267: $? = 0
configure:3280: result: none needed
configure:3388: checking for gcc option to accept ISO Standard C
configure:3399: result: none needed
configure:3424: checking for a BSD-compatible install
configure:3492: result: /usr/bin/install -c
configure:3503: checking whether build environment is sane
configure:3558: result: yes
configure:3701: checking for a thread-safe mkdir -p
configure:3740: result: ./install-sh -c -d
configure:3747: checking for gawk
configure:3777: result: no
configure:3747: checking for mawk
configure:3777: result: no
configure:3747: checking for nawk
configure:3763: found /usr/bin/nawk
configure:3774: result: nawk
configure:3785: checking whether make sets $(MAKE)
configure:3807: result: yes
configure:3829: checking whether make supports the include directive
configure:3844: make -f confmf.GNU && cat confinc.out
this is the am__doit target
configure:3847: $? = 0
configure:3866: result: yes (GNU style)
configure:3899: checking whether make supports nested variables
configure:3916: result: yes
configure:4001: checking dependency style of gcc
configure:4112: result: gcc3
configure:4226: checking for pkg-config
configure:4244: found /usr/local/bin/pkg-config
configure:4256: result: /usr/local/bin/pkg-config
configure:4281: checking pkg-config is at least version 0.9.0
configure:4284: result: yes
configure:4294: checking for PIXMAN
configure:4301: $PKG_CONFIG --exists --print-errors "pixman-1 >= 0.32"
configure:4304: $? = 0
configure:4318: $PKG_CONFIG --exists --print-errors "pixman-1 >= 0.32"
configure:4321: $? = 0
configure:4379: result: yes
configure:4385: checking for XCB
configure:4392: $PKG_CONFIG --exists --print-errors "xcb-image >= 0.3.8 xcb-util >= 0.3.8"
configure:4395: $? = 0
configure:4409: $PKG_CONFIG --exists --print-errors "xcb-image >= 0.3.8 xcb-util >= 0.3.8"
configure:4412: $? = 0
configure:4470: result: yes
configure:4479: checking for pledge
configure:4479: gcc -o conftest -g -O2   conftest.c  >&5
/usr/local/bin/ld: /tmp//ccy2zM7d.o: in function `main':
/home/cjg/suckless/xwallpaper/conftest.c:45: undefined reference to `pledge'
collect2: error: ld returned 1 exit status
configure:4479: $? = 1
configure: failed program was:
| /* confdefs.h */
| #define PACKAGE_NAME "xwallpaper"
| #define PACKAGE_TARNAME "xwallpaper"
| #define PACKAGE_VERSION "0.6.5"
| #define PACKAGE_STRING "xwallpaper 0.6.5"
| #define PACKAGE_BUGREPORT "https://github.com/stoeckmann/xwallpaper/issues"
| #define PACKAGE_URL "https://github.com/stoeckmann/xwallpaper"
| #define PACKAGE "xwallpaper"
| #define VERSION "0.6.5"
| /* end confdefs.h.  */
| /* Define pledge to an innocuous variant, in case <limits.h> declares pledge.
|    For example, HP-UX 11i <limits.h> declares gettimeofday.  */
| #define pledge innocuous_pledge
| 
| /* System header to define __stub macros and hopefully few prototypes,
|     which can conflict with char pledge (); below.
|     Prefer <limits.h> to <assert.h> if __STDC__ is defined, since
|     <limits.h> exists even on freestanding compilers.  */
| 
| #ifdef __STDC__
| # include <limits.h>
| #else
| # include <assert.h>
| #endif
| 
| #undef pledge
| 
| /* Override any GCC internal prototype to avoid an error.
|    Use char because int might match the return type of a GCC
|    builtin and then its argument prototype would still apply.  */
| #ifdef __cplusplus
| extern "C"
| #endif
| char pledge ();
| /* The GNU C library defines this for functions which it implements
|     to always fail with ENOSYS.  Some functions are actually named
|     something starting with __ and the normal name is an alias.  */
| #if defined __stub_pledge || defined __stub___pledge
| choke me
| #endif
| 
| int
| main ()
| {
| return pledge ();
|   ;
|   return 0;
| }
configure:4479: result: no
configure:4490: checking whether seccomp support is requested
configure:4507: result: auto
configure:4512: checking for SECCOMP
configure:4519: $PKG_CONFIG --exists --print-errors "libseccomp >= 2.3.1"
Package libseccomp was not found in the pkg-config search path.
Perhaps you should add the directory containing `libseccomp.pc'
to the PKG_CONFIG_PATH environment variable
Package 'libseccomp', required by 'virtual:world', not found
configure:4522: $? = 1
configure:4536: $PKG_CONFIG --exists --print-errors "libseccomp >= 2.3.1"
Package libseccomp was not found in the pkg-config search path.
Perhaps you should add the directory containing `libseccomp.pc'
to the PKG_CONFIG_PATH environment variable
Package 'libseccomp', required by 'virtual:world', not found
configure:4539: $? = 1
configure:4553: result: no
Package 'libseccomp', required by 'virtual:world', not found
configure:4599: checking whether RandR support is requested
configure:4616: result: auto
configure:4621: checking for RANDR
configure:4628: $PKG_CONFIG --exists --print-errors "xcb-randr >= 1.11"
configure:4631: $? = 0
configure:4645: $PKG_CONFIG --exists --print-errors "xcb-randr >= 1.11"
configure:4648: $? = 0
configure:4686: result: yes
configure:4708: checking whether JPEG support is requested
configure:4725: result: auto
configure:4730: checking for JPEG
configure:4737: $PKG_CONFIG --exists --print-errors "libjpeg >= 1.5"
configure:4740: $? = 0
configure:4754: $PKG_CONFIG --exists --print-errors "libjpeg >= 1.5"
configure:4757: $? = 0
configure:4795: result: yes
configure:5268: checking whether PNG support is requested
configure:5285: result: auto
configure:5290: checking for PNG
configure:5297: $PKG_CONFIG --exists --print-errors "libpng >= 1.2"
configure:5300: $? = 0
configure:5314: $PKG_CONFIG --exists --print-errors "libpng >= 1.2"
configure:5317: $? = 0
configure:5355: result: yes
configure:5377: checking whether XPM support is requested
configure:5394: result: auto
configure:5399: checking for XPM
configure:5406: $PKG_CONFIG --exists --print-errors "xpm >= 3.5"
configure:5409: $? = 0
configure:5423: $PKG_CONFIG --exists --print-errors "xpm >= 3.5"
configure:5426: $? = 0
configure:5464: result: yes
configure:5607: checking that generated files are newer than configure
configure:5613: result: done
configure:5656: creating ./config.status

## ---------------------- ##
## Running config.status. ##
## ---------------------- ##

This file was extended by xwallpaper config.status 0.6.5, which was
generated by GNU Autoconf 2.69.  Invocation command line was

  CONFIG_FILES    = 
  CONFIG_HEADERS  = 
  CONFIG_LINKS    = 
  CONFIG_COMMANDS = 
  $ ./config.status 

on thinkbsd

config.status:875: creating Makefile
config.status:875: creating config.h
config.status:1104: executing depfiles commands
config.status:1179: cd .       && sed -e '/# am--include-marker/d' Makefile         | make -f - am--depfiles
config.status:1186: $? = 0

## ---------------- ##
## Cache variables. ##
## ---------------- ##

ac_cv_c_compiler_gnu=yes
ac_cv_env_CC_set=''
ac_cv_env_CC_value=''
ac_cv_env_CFLAGS_set=''
ac_cv_env_CFLAGS_value=''
ac_cv_env_CPPFLAGS_set=''
ac_cv_env_CPPFLAGS_value=''
ac_cv_env_CPP_set=''
ac_cv_env_CPP_value=''
ac_cv_env_JPEG_CFLAGS_set=''
ac_cv_env_JPEG_CFLAGS_value=''
ac_cv_env_JPEG_LIBS_set=''
ac_cv_env_JPEG_LIBS_value=''
ac_cv_env_LDFLAGS_set=''
ac_cv_env_LDFLAGS_value=''
ac_cv_env_LIBS_set=''
ac_cv_env_LIBS_value=''
ac_cv_env_PIXMAN_CFLAGS_set=''
ac_cv_env_PIXMAN_CFLAGS_value=''
ac_cv_env_PIXMAN_LIBS_set=''
ac_cv_env_PIXMAN_LIBS_value=''
ac_cv_env_PKG_CONFIG_LIBDIR_set=''
ac_cv_env_PKG_CONFIG_LIBDIR_value=''
ac_cv_env_PKG_CONFIG_PATH_set=''
ac_cv_env_PKG_CONFIG_PATH_value=''
ac_cv_env_PKG_CONFIG_set=''
ac_cv_env_PKG_CONFIG_value=''
ac_cv_env_PNG_CFLAGS_set=''
ac_cv_env_PNG_CFLAGS_value=''
ac_cv_env_PNG_LIBS_set=''
ac_cv_env_PNG_LIBS_value=''
ac_cv_env_RANDR_CFLAGS_set=''
ac_cv_env_RANDR_CFLAGS_value=''
ac_cv_env_RANDR_LIBS_set=''
ac_cv_env_RANDR_LIBS_value=''
ac_cv_env_SECCOMP_CFLAGS_set=''
ac_cv_env_SECCOMP_CFLAGS_value=''
ac_cv_env_SECCOMP_LIBS_set=''
ac_cv_env_SECCOMP_LIBS_value=''
ac_cv_env_XCB_CFLAGS_set=''
ac_cv_env_XCB_CFLAGS_value=''
ac_cv_env_XCB_LIBS_set=''
ac_cv_env_XCB_LIBS_value=''
ac_cv_env_XPM_CFLAGS_set=''
ac_cv_env_XPM_CFLAGS_value=''
ac_cv_env_XPM_LIBS_set=''
ac_cv_env_XPM_LIBS_value=''
ac_cv_env_build_alias_set=''
ac_cv_env_build_alias_value=''
ac_cv_env_host_alias_set=''
ac_cv_env_host_alias_value=''
ac_cv_env_target_alias_set=''
ac_cv_env_target_alias_value=''
ac_cv_func_pledge=no
ac_cv_objext=o
ac_cv_path_ac_pt_PKG_CONFIG=/usr/local/bin/pkg-config
ac_cv_path_install='/usr/bin/install -c'
ac_cv_prog_AWK=nawk
ac_cv_prog_ac_ct_CC=gcc
ac_cv_prog_cc_c89=''
ac_cv_prog_cc_c99=''
ac_cv_prog_cc_g=yes
ac_cv_prog_cc_stdc=''
ac_cv_prog_make_make_set=yes
am_cv_CC_dependencies_compiler_type=gcc3
am_cv_make_support_nested_variables=yes
am_cv_prog_cc_c_o=yes
pkg_cv_JPEG_CFLAGS='-I/usr/local/include '
pkg_cv_JPEG_LIBS='-L/usr/local/lib -ljpeg '
pkg_cv_PIXMAN_CFLAGS='-I/usr/local/include/pixman-1 '
pkg_cv_PIXMAN_LIBS='-L/usr/local/lib -lpixman-1 '
pkg_cv_PNG_CFLAGS='-I/usr/local/include/libpng16 '
pkg_cv_PNG_LIBS='-L/usr/local/lib -lpng16 -lz '
pkg_cv_RANDR_CFLAGS='-I/usr/local/include -pthread '
pkg_cv_RANDR_LIBS='-L/usr/local/lib -lxcb-randr '
pkg_cv_XCB_CFLAGS='-I/usr/local/include -pthread '
pkg_cv_XCB_LIBS='-L/usr/local/lib -lxcb-image -lxcb-shm -lxcb-util -lxcb '
pkg_cv_XPM_CFLAGS='-I/usr/local/include -D_THREAD_SAFE -pthread '
pkg_cv_XPM_LIBS='-L/usr/local/lib -lXpm -lX11 '

## ----------------- ##
## Output variables. ##
## ----------------- ##

ACLOCAL='${SHELL} '\''/home/cjg/suckless/xwallpaper/missing'\'' aclocal-1.16'
AMDEPBACKSLASH='\'
AMDEP_FALSE='#'
AMDEP_TRUE=''
AMTAR='$${TAR-tar}'
AM_BACKSLASH='\'
AM_DEFAULT_V='$(AM_DEFAULT_VERBOSITY)'
AM_DEFAULT_VERBOSITY='1'
AM_V='$(V)'
AUTOCONF='${SHELL} '\''/home/cjg/suckless/xwallpaper/missing'\'' autoconf'
AUTOHEADER='${SHELL} '\''/home/cjg/suckless/xwallpaper/missing'\'' autoheader'
AUTOMAKE='${SHELL} '\''/home/cjg/suckless/xwallpaper/missing'\'' automake-1.16'
AWK='nawk'
BUILD_JPEG_FALSE='#'
BUILD_JPEG_TRUE=''
BUILD_PNG_FALSE='#'
BUILD_PNG_TRUE=''
BUILD_RANDR_FALSE='#'
BUILD_RANDR_TRUE=''
BUILD_SECCOMP_FALSE=''
BUILD_SECCOMP_TRUE='#'
BUILD_XPM_FALSE='#'
BUILD_XPM_TRUE=''
CC='gcc'
CCDEPMODE='depmode=gcc3'
CFLAGS='-g -O2'
CPP=''
CPPFLAGS=''
CYGPATH_W='echo'
DEFS='-DHAVE_CONFIG_H'
DEPDIR='.deps'
ECHO_C=''
ECHO_N='-n'
ECHO_T=''
EGREP=''
EXEEXT=''
GREP=''
INSTALL_DATA='${INSTALL} -m 644'
INSTALL_PROGRAM='${INSTALL}'
INSTALL_SCRIPT='${INSTALL}'
INSTALL_STRIP_PROGRAM='$(install_sh) -c -s'
JPEG_CFLAGS='-I/usr/local/include '
JPEG_LIBS='-L/usr/local/lib -ljpeg '
LDFLAGS=''
LIBOBJS=''
LIBS=''
LTLIBOBJS=''
MAKEINFO='${SHELL} '\''/home/cjg/suckless/xwallpaper/missing'\'' makeinfo'
MKDIR_P='./install-sh -c -d'
OBJEXT='o'
PACKAGE='xwallpaper'
PACKAGE_BUGREPORT='https://github.com/stoeckmann/xwallpaper/issues'
PACKAGE_NAME='xwallpaper'
PACKAGE_STRING='xwallpaper 0.6.5'
PACKAGE_TARNAME='xwallpaper'
PACKAGE_URL='https://github.com/stoeckmann/xwallpaper'
PACKAGE_VERSION='0.6.5'
PATH_SEPARATOR=':'
PIXMAN_CFLAGS='-I/usr/local/include/pixman-1 '
PIXMAN_LIBS='-L/usr/local/lib -lpixman-1 '
PKG_CONFIG='/usr/local/bin/pkg-config'
PKG_CONFIG_LIBDIR=''
PKG_CONFIG_PATH=''
PNG_CFLAGS='-I/usr/local/include/libpng16 '
PNG_LIBS='-L/usr/local/lib -lpng16 -lz '
RANDR_CFLAGS='-I/usr/local/include -pthread '
RANDR_LIBS='-L/usr/local/lib -lxcb-randr '
SECCOMP_CFLAGS=''
SECCOMP_LIBS=''
SET_MAKE=''
SHELL='/bin/sh'
STRIP=''
VERSION='0.6.5'
XCB_CFLAGS='-I/usr/local/include -pthread '
XCB_LIBS='-L/usr/local/lib -lxcb-image -lxcb-shm -lxcb-util -lxcb '
XPM_CFLAGS='-I/usr/local/include -D_THREAD_SAFE -pthread '
XPM_LIBS='-L/usr/local/lib -lXpm -lX11 '
ac_ct_CC='gcc'
am__EXEEXT_FALSE=''
am__EXEEXT_TRUE='#'
am__fastdepCC_FALSE='#'
am__fastdepCC_TRUE=''
am__include='include'
am__isrc=''
am__leading_dot='.'
am__nodep='_no'
am__quote=''
am__tar='$${TAR-tar} chof - "$$tardir"'
am__untar='$${TAR-tar} xf -'
bindir='${exec_prefix}/bin'
build_alias=''
datadir='${datarootdir}'
datarootdir='${prefix}/share'
docdir='${datarootdir}/doc/${PACKAGE_TARNAME}'
dvidir='${docdir}'
exec_prefix='${prefix}'
host_alias=''
htmldir='${docdir}'
includedir='${prefix}/include'
infodir='${datarootdir}/info'
install_sh='${SHELL} /home/cjg/suckless/xwallpaper/install-sh'
libdir='${exec_prefix}/lib'
libexecdir='${exec_prefix}/libexec'
localedir='${datarootdir}/locale'
localstatedir='${prefix}/var'
mandir='${datarootdir}/man'
mkdir_p='$(MKDIR_P)'
oldincludedir='/usr/include'
pdfdir='${docdir}'
prefix='/usr/local'
program_transform_name='s,x,x,'
psdir='${docdir}'
sbindir='${exec_prefix}/sbin'
sharedstatedir='${prefix}/com'
sysconfdir='${prefix}/etc'
target_alias=''
zshcompletiondir='${datarootdir}/zsh/site-functions'

## ----------- ##
## confdefs.h. ##
## ----------- ##

/* confdefs.h */
#define PACKAGE_NAME "xwallpaper"
#define PACKAGE_TARNAME "xwallpaper"
#define PACKAGE_VERSION "0.6.5"
#define PACKAGE_STRING "xwallpaper 0.6.5"
#define PACKAGE_BUGREPORT "https://github.com/stoeckmann/xwallpaper/issues"
#define PACKAGE_URL "https://github.com/stoeckmann/xwallpaper"
#define PACKAGE "xwallpaper"
#define VERSION "0.6.5"
#define WITH_RANDR 1
#define WITH_JPEG 1
#define WITH_PNG 1
#define WITH_XPM 1

configure: exit 0
