This file contains any messages produced by compilers while
running configure, to aid debugging if configure makes a mistake.

It was created by smenu configure 0.9.17, which was
generated by GNU Autoconf 2.69.  Invocation command line was

  $ ./configure 

## --------- ##
## Platform. ##
## --------- ##

hostname = thinkbsd
uname -m = amd64
uname -r = 12.2-RELEASE-p3
uname -s = FreeBSD
uname -v = FreeBSD 12.2-RELEASE-p3 GENERIC 

/usr/bin/uname -p = amd64
/bin/uname -X     = unknown

/bin/arch              = unknown
/usr/bin/arch -k       = unknown
/usr/convex/getsysinfo = unknown
/usr/bin/hostinfo      = unknown
/bin/machine           = unknown
/usr/bin/oslevel       = unknown
/bin/universe          = unknown

PATH: /home/cjg/.icons/home/cjg/bin
PATH: /usr/local/bin
PATH: /home/cjg/bin
PATH: /sbin
PATH: /bin
PATH: /usr/local/sbin
PATH: /usr/local/bin
PATH: /usr/sbin
PATH: /usr/bin
PATH: /usr/bin/env


## ----------- ##
## Core tests. ##
## ----------- ##

configure:2258: checking for a BSD-compatible install
configure:2326: result: /usr/bin/install -c
configure:2337: checking whether build environment is sane
configure:2392: result: yes
configure:2538: checking for a thread-safe mkdir -p
configure:2577: result: build-aux/install-sh -c -d
configure:2584: checking for gawk
configure:2614: result: no
configure:2584: checking for mawk
configure:2614: result: no
configure:2584: checking for nawk
configure:2600: found /usr/bin/nawk
configure:2611: result: nawk
configure:2622: checking whether make sets $(MAKE)
configure:2644: result: yes
configure:2673: checking whether make supports nested variables
configure:2690: result: yes
configure:2827: checking whether make supports nested variables
configure:2844: result: yes
configure:2861: checking whether make supports the include directive
configure:2876: make -f confmf.GNU && cat confinc.out
this is the am__doit target
configure:2879: $? = 0
configure:2898: result: yes (GNU style)
configure:2968: checking for gcc
configure:2984: found /usr/local/bin/gcc
configure:2995: result: gcc
configure:3224: checking for C compiler version
configure:3233: gcc --version >&5
gcc (FreeBSD Ports Collection) 9.3.0
Copyright (C) 2019 Free Software Foundation, Inc.
This is free software; see the source for copying conditions.  There is NO
warranty; not even for MERCHANTABILITY or FITNESS FOR A PARTICULAR PURPOSE.

configure:3244: $? = 0
configure:3233: gcc -v >&5
Using built-in specs.
COLLECT_GCC=gcc
COLLECT_LTO_WRAPPER=/usr/local/libexec/gcc9/gcc/x86_64-portbld-freebsd12.1/9.3.0/lto-wrapper
Target: x86_64-portbld-freebsd12.1
Configured with: /wrkdirs/usr/ports/lang/gcc9/work/gcc-9.3.0/configure --enable-multilib --with-build-config=bootstrap-debug --disable-nls --enable-gnu-indirect-function --enable-plugin --libdir=/usr/local/lib/gcc9 --libexecdir=/usr/local/libexec/gcc9 --program-suffix=9 --with-as=/usr/local/bin/as --with-gmp=/usr/local --with-gxx-include-dir=/usr/local/lib/gcc9/include/c++/ --with-ld=/usr/local/bin/ld --with-pkgversion='FreeBSD Ports Collection' --with-system-zlib --enable-languages=c,c++,objc,fortran --prefix=/usr/local --localstatedir=/var --mandir=/usr/local/man --infodir=/usr/local/share/info/gcc9 --build=x86_64-portbld-freebsd12.1
Thread model: posix
gcc version 9.3.0 (FreeBSD Ports Collection) 
configure:3244: $? = 0
configure:3233: gcc -V >&5
gcc: error: unrecognized command line option '-V'
gcc: fatal error: no input files
compilation terminated.
configure:3244: $? = 1
configure:3233: gcc -qversion >&5
gcc: error: unrecognized command line option '-qversion'; did you mean '--version'?
gcc: fatal error: no input files
compilation terminated.
configure:3244: $? = 1
configure:3264: checking whether the C compiler works
configure:3286: gcc    conftest.c  >&5
configure:3290: $? = 0
configure:3338: result: yes
configure:3341: checking for C compiler default output file name
configure:3343: result: a.out
configure:3349: checking for suffix of executables
configure:3356: gcc -o conftest    conftest.c  >&5
configure:3360: $? = 0
configure:3382: result: 
configure:3404: checking whether we are cross compiling
configure:3412: gcc -o conftest    conftest.c  >&5
configure:3416: $? = 0
configure:3423: ./conftest
configure:3427: $? = 0
configure:3442: result: no
configure:3447: checking for suffix of object files
configure:3469: gcc -c   conftest.c >&5
configure:3473: $? = 0
configure:3494: result: o
configure:3498: checking whether we are using the GNU C compiler
configure:3517: gcc -c   conftest.c >&5
configure:3517: $? = 0
configure:3526: result: yes
configure:3535: checking whether gcc accepts -g
configure:3555: gcc -c -g  conftest.c >&5
configure:3555: $? = 0
configure:3596: result: yes
configure:3613: checking for gcc option to accept ISO C89
configure:3676: gcc  -c -g -O2  conftest.c >&5
configure:3676: $? = 0
configure:3689: result: none needed
configure:3714: checking whether gcc understands -c and -o together
configure:3736: gcc -c conftest.c -o conftest2.o
configure:3739: $? = 0
configure:3736: gcc -c conftest.c -o conftest2.o
configure:3739: $? = 0
configure:3751: result: yes
configure:3770: checking dependency style of gcc
configure:3881: result: gcc3
configure:3902: checking how to run the C preprocessor
configure:3933: gcc -E  conftest.c
configure:3933: $? = 0
configure:3947: gcc -E  conftest.c
conftest.c:11:10: fatal error: ac_nonexistent.h: No such file or directory
   11 | #include <ac_nonexistent.h>
      |          ^~~~~~~~~~~~~~~~~~
compilation terminated.
configure:3947: $? = 1
configure: failed program was:
| /* confdefs.h */
| #define PACKAGE_NAME "smenu"
| #define PACKAGE_TARNAME "smenu"
| #define PACKAGE_VERSION "0.9.17"
| #define PACKAGE_STRING "smenu 0.9.17"
| #define PACKAGE_BUGREPORT "p.gen.progs@gmail.com"
| #define PACKAGE_URL ""
| #define PACKAGE "smenu"
| #define VERSION "0.9.17"
| /* end confdefs.h.  */
| #include <ac_nonexistent.h>
configure:3972: result: gcc -E
configure:3992: gcc -E  conftest.c
configure:3992: $? = 0
configure:4006: gcc -E  conftest.c
conftest.c:11:10: fatal error: ac_nonexistent.h: No such file or directory
   11 | #include <ac_nonexistent.h>
      |          ^~~~~~~~~~~~~~~~~~
compilation terminated.
configure:4006: $? = 1
configure: failed program was:
| /* confdefs.h */
| #define PACKAGE_NAME "smenu"
| #define PACKAGE_TARNAME "smenu"
| #define PACKAGE_VERSION "0.9.17"
| #define PACKAGE_STRING "smenu 0.9.17"
| #define PACKAGE_BUGREPORT "p.gen.progs@gmail.com"
| #define PACKAGE_URL ""
| #define PACKAGE "smenu"
| #define VERSION "0.9.17"
| /* end confdefs.h.  */
| #include <ac_nonexistent.h>
configure:4035: checking for grep that handles long lines and -e
configure:4093: result: /usr/bin/grep
configure:4098: checking for egrep
configure:4160: result: /usr/bin/grep -E
configure:4165: checking for ANSI C header files
configure:4185: gcc -c -g -O2  conftest.c >&5
configure:4185: $? = 0
configure:4258: gcc -o conftest -g -O2   conftest.c  >&5
configure:4258: $? = 0
configure:4258: ./conftest
configure:4258: $? = 0
configure:4269: result: yes
configure:4282: checking for sys/types.h
configure:4282: gcc -c -g -O2  conftest.c >&5
configure:4282: $? = 0
configure:4282: result: yes
configure:4282: checking for sys/stat.h
configure:4282: gcc -c -g -O2  conftest.c >&5
configure:4282: $? = 0
configure:4282: result: yes
configure:4282: checking for stdlib.h
configure:4282: gcc -c -g -O2  conftest.c >&5
configure:4282: $? = 0
configure:4282: result: yes
configure:4282: checking for string.h
configure:4282: gcc -c -g -O2  conftest.c >&5
configure:4282: $? = 0
configure:4282: result: yes
configure:4282: checking for memory.h
configure:4282: gcc -c -g -O2  conftest.c >&5
configure:4282: $? = 0
configure:4282: result: yes
configure:4282: checking for strings.h
configure:4282: gcc -c -g -O2  conftest.c >&5
configure:4282: $? = 0
configure:4282: result: yes
configure:4282: checking for inttypes.h
configure:4282: gcc -c -g -O2  conftest.c >&5
configure:4282: $? = 0
configure:4282: result: yes
configure:4282: checking for stdint.h
configure:4282: gcc -c -g -O2  conftest.c >&5
configure:4282: $? = 0
configure:4282: result: yes
configure:4282: checking for unistd.h
configure:4282: gcc -c -g -O2  conftest.c >&5
configure:4282: $? = 0
configure:4282: result: yes
configure:4295: checking minix/config.h usability
configure:4295: gcc -c -g -O2  conftest.c >&5
conftest.c:54:10: fatal error: minix/config.h: No such file or directory
   54 | #include <minix/config.h>
      |          ^~~~~~~~~~~~~~~~
compilation terminated.
configure:4295: $? = 1
configure: failed program was:
| /* confdefs.h */
| #define PACKAGE_NAME "smenu"
| #define PACKAGE_TARNAME "smenu"
| #define PACKAGE_VERSION "0.9.17"
| #define PACKAGE_STRING "smenu 0.9.17"
| #define PACKAGE_BUGREPORT "p.gen.progs@gmail.com"
| #define PACKAGE_URL ""
| #define PACKAGE "smenu"
| #define VERSION "0.9.17"
| #define STDC_HEADERS 1
| #define HAVE_SYS_TYPES_H 1
| #define HAVE_SYS_STAT_H 1
| #define HAVE_STDLIB_H 1
| #define HAVE_STRING_H 1
| #define HAVE_MEMORY_H 1
| #define HAVE_STRINGS_H 1
| #define HAVE_INTTYPES_H 1
| #define HAVE_STDINT_H 1
| #define HAVE_UNISTD_H 1
| /* end confdefs.h.  */
| #include <stdio.h>
| #ifdef HAVE_SYS_TYPES_H
| # include <sys/types.h>
| #endif
| #ifdef HAVE_SYS_STAT_H
| # include <sys/stat.h>
| #endif
| #ifdef STDC_HEADERS
| # include <stdlib.h>
| # include <stddef.h>
| #else
| # ifdef HAVE_STDLIB_H
| #  include <stdlib.h>
| # endif
| #endif
| #ifdef HAVE_STRING_H
| # if !defined STDC_HEADERS && defined HAVE_MEMORY_H
| #  include <memory.h>
| # endif
| # include <string.h>
| #endif
| #ifdef HAVE_STRINGS_H
| # include <strings.h>
| #endif
| #ifdef HAVE_INTTYPES_H
| # include <inttypes.h>
| #endif
| #ifdef HAVE_STDINT_H
| # include <stdint.h>
| #endif
| #ifdef HAVE_UNISTD_H
| # include <unistd.h>
| #endif
| #include <minix/config.h>
configure:4295: result: no
configure:4295: checking minix/config.h presence
configure:4295: gcc -E  conftest.c
conftest.c:21:10: fatal error: minix/config.h: No such file or directory
   21 | #include <minix/config.h>
      |          ^~~~~~~~~~~~~~~~
compilation terminated.
configure:4295: $? = 1
configure: failed program was:
| /* confdefs.h */
| #define PACKAGE_NAME "smenu"
| #define PACKAGE_TARNAME "smenu"
| #define PACKAGE_VERSION "0.9.17"
| #define PACKAGE_STRING "smenu 0.9.17"
| #define PACKAGE_BUGREPORT "p.gen.progs@gmail.com"
| #define PACKAGE_URL ""
| #define PACKAGE "smenu"
| #define VERSION "0.9.17"
| #define STDC_HEADERS 1
| #define HAVE_SYS_TYPES_H 1
| #define HAVE_SYS_STAT_H 1
| #define HAVE_STDLIB_H 1
| #define HAVE_STRING_H 1
| #define HAVE_MEMORY_H 1
| #define HAVE_STRINGS_H 1
| #define HAVE_INTTYPES_H 1
| #define HAVE_STDINT_H 1
| #define HAVE_UNISTD_H 1
| /* end confdefs.h.  */
| #include <minix/config.h>
configure:4295: result: no
configure:4295: checking for minix/config.h
configure:4295: result: no
configure:4316: checking whether it is safe to define __EXTENSIONS__
configure:4334: gcc -c -g -O2  conftest.c >&5
configure:4334: $? = 0
configure:4341: result: yes
configure:4359: checking for gawk
configure:4386: result: nawk
configure:4401: checking for gcc option to accept ISO C99
configure:4550: gcc  -c -g -O2  conftest.c >&5
configure:4550: $? = 0
configure:4563: result: none needed
configure:4671: checking for gcc option to accept ISO Standard C
configure:4682: result: none needed
configure:4690: checking whether ln -s works
configure:4694: result: yes
configure:4701: checking whether make sets $(MAKE)
configure:4723: result: yes
configure:4733: checking for library containing tgetent
configure:4764: gcc -o conftest -g -O2   conftest.c  >&5
/usr/local/bin/ld: /tmp//ccaJg6VS.o: in function `main':
/home/cjg/suckless/smenu/conftest.c:37: undefined reference to `tgetent'
collect2: error: ld returned 1 exit status
configure:4764: $? = 1
configure: failed program was:
| /* confdefs.h */
| #define PACKAGE_NAME "smenu"
| #define PACKAGE_TARNAME "smenu"
| #define PACKAGE_VERSION "0.9.17"
| #define PACKAGE_STRING "smenu 0.9.17"
| #define PACKAGE_BUGREPORT "p.gen.progs@gmail.com"
| #define PACKAGE_URL ""
| #define PACKAGE "smenu"
| #define VERSION "0.9.17"
| #define STDC_HEADERS 1
| #define HAVE_SYS_TYPES_H 1
| #define HAVE_SYS_STAT_H 1
| #define HAVE_STDLIB_H 1
| #define HAVE_STRING_H 1
| #define HAVE_MEMORY_H 1
| #define HAVE_STRINGS_H 1
| #define HAVE_INTTYPES_H 1
| #define HAVE_STDINT_H 1
| #define HAVE_UNISTD_H 1
| #define __EXTENSIONS__ 1
| #define _ALL_SOURCE 1
| #define _GNU_SOURCE 1
| #define _POSIX_PTHREAD_SEMANTICS 1
| #define _TANDEM_SOURCE 1
| /* end confdefs.h.  */
| 
| /* Override any GCC internal prototype to avoid an error.
|    Use char because int might match the return type of a GCC
|    builtin and then its argument prototype would still apply.  */
| #ifdef __cplusplus
| extern "C"
| #endif
| char tgetent ();
| int
| main ()
| {
| return tgetent ();
|   ;
|   return 0;
| }
configure:4764: gcc -o conftest -g -O2   conftest.c -ltinfo   >&5
configure:4764: $? = 0
configure:4781: result: -ltinfo
configure:4793: checking for ANSI C header files
configure:4897: result: yes
configure:4909: checking fcntl.h usability
configure:4909: gcc -c -g -O2  conftest.c >&5
configure:4909: $? = 0
configure:4909: result: yes
configure:4909: checking fcntl.h presence
configure:4909: gcc -E  conftest.c
configure:4909: $? = 0
configure:4909: result: yes
configure:4909: checking for fcntl.h
configure:4909: result: yes
configure:4909: checking limits.h usability
configure:4909: gcc -c -g -O2  conftest.c >&5
configure:4909: $? = 0
configure:4909: result: yes
configure:4909: checking limits.h presence
configure:4909: gcc -E  conftest.c
configure:4909: $? = 0
configure:4909: result: yes
configure:4909: checking for limits.h
configure:4909: result: yes
configure:4909: checking langinfo.h usability
configure:4909: gcc -c -g -O2  conftest.c >&5
configure:4909: $? = 0
configure:4909: result: yes
configure:4909: checking langinfo.h presence
configure:4909: gcc -E  conftest.c
configure:4909: $? = 0
configure:4909: result: yes
configure:4909: checking for langinfo.h
configure:4909: result: yes
configure:4909: checking locale.h usability
configure:4909: gcc -c -g -O2  conftest.c >&5
configure:4909: $? = 0
configure:4909: result: yes
configure:4909: checking locale.h presence
configure:4909: gcc -E  conftest.c
configure:4909: $? = 0
configure:4909: result: yes
configure:4909: checking for locale.h
configure:4909: result: yes
configure:4909: checking for stdint.h
configure:4909: result: yes
configure:4909: checking for stdlib.h
configure:4909: result: yes
configure:4909: checking for string.h
configure:4909: result: yes
configure:4909: checking sys/ioctl.h usability
configure:4909: gcc -c -g -O2  conftest.c >&5
configure:4909: $? = 0
configure:4909: result: yes
configure:4909: checking sys/ioctl.h presence
configure:4909: gcc -E  conftest.c
configure:4909: $? = 0
configure:4909: result: yes
configure:4909: checking for sys/ioctl.h
configure:4909: result: yes
configure:4909: checking sys/time.h usability
configure:4909: gcc -c -g -O2  conftest.c >&5
configure:4909: $? = 0
configure:4909: result: yes
configure:4909: checking sys/time.h presence
configure:4909: gcc -E  conftest.c
configure:4909: $? = 0
configure:4909: result: yes
configure:4909: checking for sys/time.h
configure:4909: result: yes
configure:4909: checking termios.h usability
configure:4909: gcc -c -g -O2  conftest.c >&5
configure:4909: $? = 0
configure:4909: result: yes
configure:4909: checking termios.h presence
configure:4909: gcc -E  conftest.c
configure:4909: $? = 0
configure:4909: result: yes
configure:4909: checking for termios.h
configure:4909: result: yes
configure:4909: checking for unistd.h
configure:4909: result: yes
configure:4909: checking wchar.h usability
configure:4909: gcc -c -g -O2  conftest.c >&5
configure:4909: $? = 0
configure:4909: result: yes
configure:4909: checking wchar.h presence
configure:4909: gcc -E  conftest.c
configure:4909: $? = 0
configure:4909: result: yes
configure:4909: checking for wchar.h
configure:4909: result: yes
configure:4921: checking for size_t
configure:4921: gcc -c -g -O2  conftest.c >&5
configure:4921: $? = 0
configure:4921: gcc -c -g -O2  conftest.c >&5
conftest.c: In function 'main':
conftest.c:75:21: error: expected expression before ')' token
   75 | if (sizeof ((size_t)))
      |                     ^
configure:4921: $? = 1
configure: failed program was:
| /* confdefs.h */
| #define PACKAGE_NAME "smenu"
| #define PACKAGE_TARNAME "smenu"
| #define PACKAGE_VERSION "0.9.17"
| #define PACKAGE_STRING "smenu 0.9.17"
| #define PACKAGE_BUGREPORT "p.gen.progs@gmail.com"
| #define PACKAGE_URL ""
| #define PACKAGE "smenu"
| #define VERSION "0.9.17"
| #define STDC_HEADERS 1
| #define HAVE_SYS_TYPES_H 1
| #define HAVE_SYS_STAT_H 1
| #define HAVE_STDLIB_H 1
| #define HAVE_STRING_H 1
| #define HAVE_MEMORY_H 1
| #define HAVE_STRINGS_H 1
| #define HAVE_INTTYPES_H 1
| #define HAVE_STDINT_H 1
| #define HAVE_UNISTD_H 1
| #define __EXTENSIONS__ 1
| #define _ALL_SOURCE 1
| #define _GNU_SOURCE 1
| #define _POSIX_PTHREAD_SEMANTICS 1
| #define _TANDEM_SOURCE 1
| #define STDC_HEADERS 1
| #define HAVE_FCNTL_H 1
| #define HAVE_LIMITS_H 1
| #define HAVE_LANGINFO_H 1
| #define HAVE_LOCALE_H 1
| #define HAVE_STDINT_H 1
| #define HAVE_STDLIB_H 1
| #define HAVE_STRING_H 1
| #define HAVE_SYS_IOCTL_H 1
| #define HAVE_SYS_TIME_H 1
| #define HAVE_TERMIOS_H 1
| #define HAVE_UNISTD_H 1
| #define HAVE_WCHAR_H 1
| /* end confdefs.h.  */
| #include <stdio.h>
| #ifdef HAVE_SYS_TYPES_H
| # include <sys/types.h>
| #endif
| #ifdef HAVE_SYS_STAT_H
| # include <sys/stat.h>
| #endif
| #ifdef STDC_HEADERS
| # include <stdlib.h>
| # include <stddef.h>
| #else
| # ifdef HAVE_STDLIB_H
| #  include <stdlib.h>
| # endif
| #endif
| #ifdef HAVE_STRING_H
| # if !defined STDC_HEADERS && defined HAVE_MEMORY_H
| #  include <memory.h>
| # endif
| # include <string.h>
| #endif
| #ifdef HAVE_STRINGS_H
| # include <strings.h>
| #endif
| #ifdef HAVE_INTTYPES_H
| # include <inttypes.h>
| #endif
| #ifdef HAVE_STDINT_H
| # include <stdint.h>
| #endif
| #ifdef HAVE_UNISTD_H
| # include <unistd.h>
| #endif
| int
| main ()
| {
| if (sizeof ((size_t)))
| 	    return 0;
|   ;
|   return 0;
| }
configure:4921: result: yes
configure:4936: checking for stdlib.h
configure:4936: result: yes
configure:4946: checking for GNU libc compatible malloc
configure:4970: gcc -o conftest -g -O2   conftest.c -ltinfo  >&5
configure:4970: $? = 0
configure:4970: ./conftest
configure:4970: $? = 0
configure:4980: result: yes
configure:5003: checking for stdlib.h
configure:5003: result: yes
configure:5013: checking for GNU libc compatible realloc
configure:5037: gcc -o conftest -g -O2   conftest.c -ltinfo  >&5
configure:5037: $? = 0
configure:5037: ./conftest
configure:5037: $? = 0
configure:5047: result: yes
configure:5071: checking for mblen
configure:5071: gcc -o conftest -g -O2   conftest.c -ltinfo  >&5
configure:5071: $? = 0
configure:5071: result: yes
configure:5071: checking for memset
configure:5071: gcc -o conftest -g -O2   conftest.c -ltinfo  >&5
conftest.c:67:6: warning: conflicting types for built-in function 'memset'; expected 'void *(void *, int,  long unsigned int)' [-Wbuiltin-declaration-mismatch]
   67 | char memset ();
      |      ^~~~~~
conftest.c:55:1: note: 'memset' is declared in header '<string.h>'
   54 | # include <limits.h>
   55 | #else
configure:5071: $? = 0
configure:5071: result: yes
configure:5071: checking for nl_langinfo
configure:5071: gcc -o conftest -g -O2   conftest.c -ltinfo  >&5
configure:5071: $? = 0
configure:5071: result: yes
configure:5071: checking for pathconf
configure:5071: gcc -o conftest -g -O2   conftest.c -ltinfo  >&5
configure:5071: $? = 0
configure:5071: result: yes
configure:5071: checking for regcomp
configure:5071: gcc -o conftest -g -O2   conftest.c -ltinfo  >&5
configure:5071: $? = 0
configure:5071: result: yes
configure:5071: checking for setlocale
configure:5071: gcc -o conftest -g -O2   conftest.c -ltinfo  >&5
configure:5071: $? = 0
configure:5071: result: yes
configure:5083: checking for strchr
configure:5083: gcc -o conftest -g -O2   conftest.c -ltinfo  >&5
conftest.c:72:6: warning: conflicting types for built-in function 'strchr'; expected 'char *(const char *, int)' [-Wbuiltin-declaration-mismatch]
   72 | char strchr ();
      |      ^~~~~~
conftest.c:60:1: note: 'strchr' is declared in header '<string.h>'
   59 | # include <limits.h>
   60 | #else
configure:5083: $? = 0
configure:5083: result: yes
configure:5083: checking for strrchr
configure:5083: gcc -o conftest -g -O2   conftest.c -ltinfo  >&5
conftest.c:73:6: warning: conflicting types for built-in function 'strrchr'; expected 'char *(const char *, int)' [-Wbuiltin-declaration-mismatch]
   73 | char strrchr ();
      |      ^~~~~~~
conftest.c:61:1: note: 'strrchr' is declared in header '<string.h>'
   60 | # include <limits.h>
   61 | #else
configure:5083: $? = 0
configure:5083: result: yes
configure:5083: checking for strspn
configure:5083: gcc -o conftest -g -O2   conftest.c -ltinfo  >&5
conftest.c:74:6: warning: conflicting types for built-in function 'strspn'; expected 'long unsigned int(const char *, const char *)' [-Wbuiltin-declaration-mismatch]
   74 | char strspn ();
      |      ^~~~~~
conftest.c:62:1: note: 'strspn' is declared in header '<string.h>'
   61 | # include <limits.h>
   62 | #else
configure:5083: $? = 0
configure:5083: result: yes
configure:5083: checking for strcasecmp
configure:5083: gcc -o conftest -g -O2   conftest.c -ltinfo  >&5
conftest.c:75:6: warning: conflicting types for built-in function 'strcasecmp'; expected 'int(const char *, const char *)' [-Wbuiltin-declaration-mismatch]
   75 | char strcasecmp ();
      |      ^~~~~~~~~~
configure:5083: $? = 0
configure:5083: result: yes
configure:5083: checking for strdup
configure:5083: gcc -o conftest -g -O2   conftest.c -ltinfo  >&5
conftest.c:76:6: warning: conflicting types for built-in function 'strdup'; expected 'char *(const char *)' [-Wbuiltin-declaration-mismatch]
   76 | char strdup ();
      |      ^~~~~~
configure:5083: $? = 0
configure:5083: result: yes
configure:5083: checking for strndup
configure:5083: gcc -o conftest -g -O2   conftest.c -ltinfo  >&5
conftest.c:77:6: warning: conflicting types for built-in function 'strndup'; expected 'char *(const char *, long unsigned int)' [-Wbuiltin-declaration-mismatch]
   77 | char strndup ();
      |      ^~~~~~~
configure:5083: $? = 0
configure:5083: result: yes
configure:5097: checking build system type
configure:5111: result: x86_64-portbld-freebsd12.2
configure:5131: checking host system type
configure:5144: result: x86_64-portbld-freebsd12.2
configure:5296: checking that generated files are newer than configure
configure:5302: result: done
configure:5325: creating ./config.status

## ---------------------- ##
## Running config.status. ##
## ---------------------- ##

This file was extended by smenu config.status 0.9.17, which was
generated by GNU Autoconf 2.69.  Invocation command line was

  CONFIG_FILES    = 
  CONFIG_HEADERS  = 
  CONFIG_LINKS    = 
  CONFIG_COMMANDS = 
  $ ./config.status 

on thinkbsd

config.status:896: creating Makefile
config.status:896: creating smenu.spec
config.status:896: creating config.h
config.status:1077: config.h is unchanged
config.status:1125: executing depfiles commands
config.status:1200: cd .       && sed -e '/# am--include-marker/d' Makefile         | make -f - am--depfiles
config.status:1207: $? = 0

## ---------------- ##
## Cache variables. ##
## ---------------- ##

ac_cv_build=x86_64-portbld-freebsd12.2
ac_cv_c_compiler_gnu=yes
ac_cv_env_CC_set=''
ac_cv_env_CC_value=''
ac_cv_env_CFLAGS_set=''
ac_cv_env_CFLAGS_value=''
ac_cv_env_CPPFLAGS_set=''
ac_cv_env_CPPFLAGS_value=''
ac_cv_env_CPP_set=''
ac_cv_env_CPP_value=''
ac_cv_env_LDFLAGS_set=''
ac_cv_env_LDFLAGS_value=''
ac_cv_env_LIBS_set=''
ac_cv_env_LIBS_value=''
ac_cv_env_build_alias_set=''
ac_cv_env_build_alias_value=''
ac_cv_env_host_alias_set=''
ac_cv_env_host_alias_value=''
ac_cv_env_target_alias_set=''
ac_cv_env_target_alias_value=''
ac_cv_func_malloc_0_nonnull=yes
ac_cv_func_mblen=yes
ac_cv_func_memset=yes
ac_cv_func_nl_langinfo=yes
ac_cv_func_pathconf=yes
ac_cv_func_realloc_0_nonnull=yes
ac_cv_func_regcomp=yes
ac_cv_func_setlocale=yes
ac_cv_func_strcasecmp=yes
ac_cv_func_strchr=yes
ac_cv_func_strdup=yes
ac_cv_func_strndup=yes
ac_cv_func_strrchr=yes
ac_cv_func_strspn=yes
ac_cv_header_fcntl_h=yes
ac_cv_header_inttypes_h=yes
ac_cv_header_langinfo_h=yes
ac_cv_header_limits_h=yes
ac_cv_header_locale_h=yes
ac_cv_header_memory_h=yes
ac_cv_header_minix_config_h=no
ac_cv_header_stdc=yes
ac_cv_header_stdint_h=yes
ac_cv_header_stdlib_h=yes
ac_cv_header_string_h=yes
ac_cv_header_strings_h=yes
ac_cv_header_sys_ioctl_h=yes
ac_cv_header_sys_stat_h=yes
ac_cv_header_sys_time_h=yes
ac_cv_header_sys_types_h=yes
ac_cv_header_termios_h=yes
ac_cv_header_unistd_h=yes
ac_cv_header_wchar_h=yes
ac_cv_host=x86_64-portbld-freebsd12.2
ac_cv_objext=o
ac_cv_path_EGREP='/usr/bin/grep -E'
ac_cv_path_GREP=/usr/bin/grep
ac_cv_path_install='/usr/bin/install -c'
ac_cv_prog_AWK=nawk
ac_cv_prog_CPP='gcc -E'
ac_cv_prog_ac_ct_CC=gcc
ac_cv_prog_cc_c89=''
ac_cv_prog_cc_c99=''
ac_cv_prog_cc_g=yes
ac_cv_prog_cc_stdc=''
ac_cv_prog_make_make_set=yes
ac_cv_safe_to_define___extensions__=yes
ac_cv_search_tgetent=-ltinfo
ac_cv_type_size_t=yes
am_cv_CC_dependencies_compiler_type=gcc3
am_cv_make_support_nested_variables=yes
am_cv_prog_cc_c_o=yes

## ----------------- ##
## Output variables. ##
## ----------------- ##

ACLOCAL='${SHELL} '\''/home/cjg/suckless/smenu/build-aux/missing'\'' aclocal-1.16'
AMDEPBACKSLASH='\'
AMDEP_FALSE='#'
AMDEP_TRUE=''
AMTAR='$${TAR-tar}'
AM_BACKSLASH='\'
AM_DEFAULT_V='$(AM_DEFAULT_VERBOSITY)'
AM_DEFAULT_VERBOSITY='0'
AM_V='$(V)'
AUTOCONF='${SHELL} '\''/home/cjg/suckless/smenu/build-aux/missing'\'' autoconf'
AUTOHEADER='${SHELL} '\''/home/cjg/suckless/smenu/build-aux/missing'\'' autoheader'
AUTOMAKE='${SHELL} '\''/home/cjg/suckless/smenu/build-aux/missing'\'' automake-1.16'
AWK='nawk'
CC='gcc'
CCDEPMODE='depmode=gcc3'
CFLAGS='-g -O2'
CPP='gcc -E'
CPPFLAGS='-D__BSD_VISIBLE '
CYGPATH_W='echo'
DEFS='-DHAVE_CONFIG_H'
DEPDIR='.deps'
ECHO_C=''
ECHO_N='-n'
ECHO_T=''
EGREP='/usr/bin/grep -E'
EXEEXT=''
GREP='/usr/bin/grep'
INSTALL_DATA='${INSTALL} -m 644'
INSTALL_PROGRAM='${INSTALL}'
INSTALL_SCRIPT='${INSTALL}'
INSTALL_STRIP_PROGRAM='$(install_sh) -c -s'
LDFLAGS=''
LIBOBJS=''
LIBS='-ltinfo '
LN_S='ln -s'
LTLIBOBJS=''
MAKEINFO='${SHELL} '\''/home/cjg/suckless/smenu/build-aux/missing'\'' makeinfo'
MKDIR_P='build-aux/install-sh -c -d'
OBJEXT='o'
PACKAGE='smenu'
PACKAGE_BUGREPORT='p.gen.progs@gmail.com'
PACKAGE_NAME='smenu'
PACKAGE_STRING='smenu 0.9.17'
PACKAGE_TARNAME='smenu'
PACKAGE_URL=''
PACKAGE_VERSION='0.9.17'
PATH_SEPARATOR=':'
SET_MAKE=''
SHELL='/bin/sh'
STRIP=''
VERSION='0.9.17'
ac_ct_CC='gcc'
am__EXEEXT_FALSE=''
am__EXEEXT_TRUE='#'
am__fastdepCC_FALSE='#'
am__fastdepCC_TRUE=''
am__include='include'
am__isrc=''
am__leading_dot='.'
am__nodep='_no'
am__quote=''
am__tar='$${TAR-tar} chof - "$$tardir"'
am__untar='$${TAR-tar} xf -'
bindir='${exec_prefix}/bin'
build='x86_64-portbld-freebsd12.2'
build_alias=''
build_cpu='x86_64'
build_os='freebsd12.2'
build_vendor='portbld'
datadir='${datarootdir}'
datarootdir='${prefix}/share'
docdir='${datarootdir}/doc/${PACKAGE_TARNAME}'
dvidir='${docdir}'
exec_prefix='${prefix}'
host='x86_64-portbld-freebsd12.2'
host_alias=''
host_cpu='x86_64'
host_os='freebsd12.2'
host_vendor='portbld'
htmldir='${docdir}'
includedir='${prefix}/include'
infodir='${datarootdir}/info'
install_sh='${SHELL} /home/cjg/suckless/smenu/build-aux/install-sh'
libdir='${exec_prefix}/lib'
libexecdir='${exec_prefix}/libexec'
localedir='${datarootdir}/locale'
localstatedir='${prefix}/var'
mandir='${datarootdir}/man'
mkdir_p='$(MKDIR_P)'
oldincludedir='/usr/include'
pdfdir='${docdir}'
prefix='/usr/local'
program_transform_name='s,x,x,'
psdir='${docdir}'
sbindir='${exec_prefix}/sbin'
sharedstatedir='${prefix}/com'
sysconfdir='${prefix}/etc'
target_alias=''

## ----------- ##
## confdefs.h. ##
## ----------- ##

/* confdefs.h */
#define PACKAGE_NAME "smenu"
#define PACKAGE_TARNAME "smenu"
#define PACKAGE_VERSION "0.9.17"
#define PACKAGE_STRING "smenu 0.9.17"
#define PACKAGE_BUGREPORT "p.gen.progs@gmail.com"
#define PACKAGE_URL ""
#define PACKAGE "smenu"
#define VERSION "0.9.17"
#define STDC_HEADERS 1
#define HAVE_SYS_TYPES_H 1
#define HAVE_SYS_STAT_H 1
#define HAVE_STDLIB_H 1
#define HAVE_STRING_H 1
#define HAVE_MEMORY_H 1
#define HAVE_STRINGS_H 1
#define HAVE_INTTYPES_H 1
#define HAVE_STDINT_H 1
#define HAVE_UNISTD_H 1
#define __EXTENSIONS__ 1
#define _ALL_SOURCE 1
#define _GNU_SOURCE 1
#define _POSIX_PTHREAD_SEMANTICS 1
#define _TANDEM_SOURCE 1
#define STDC_HEADERS 1
#define HAVE_FCNTL_H 1
#define HAVE_LIMITS_H 1
#define HAVE_LANGINFO_H 1
#define HAVE_LOCALE_H 1
#define HAVE_STDINT_H 1
#define HAVE_STDLIB_H 1
#define HAVE_STRING_H 1
#define HAVE_SYS_IOCTL_H 1
#define HAVE_SYS_TIME_H 1
#define HAVE_TERMIOS_H 1
#define HAVE_UNISTD_H 1
#define HAVE_WCHAR_H 1
#define HAVE_STDLIB_H 1
#define HAVE_MALLOC 1
#define HAVE_STDLIB_H 1
#define HAVE_REALLOC 1
#define HAVE_MBLEN 1
#define HAVE_MEMSET 1
#define HAVE_NL_LANGINFO 1
#define HAVE_PATHCONF 1
#define HAVE_REGCOMP 1
#define HAVE_SETLOCALE 1
#define HAVE_STRCHR 1
#define HAVE_STRRCHR 1
#define HAVE_STRSPN 1
#define HAVE_STRCASECMP 1
#define HAVE_STRDUP 1
#define HAVE_STRNDUP 1

configure: exit 0
